Determining if the pthread_create exist failed with the following output:
Change Dir: /home/ubuntu/ahoy/CMakeFiles/CMakeTmp

Run Build Command:"/usr/bin/make" "cmTC_31fca/fast"
/usr/bin/make -f CMakeFiles/cmTC_31fca.dir/build.make CMakeFiles/cmTC_31fca.dir/build
make[1]: Entering directory '/home/ubuntu/ahoy/CMakeFiles/CMakeTmp'
Building C object CMakeFiles/cmTC_31fca.dir/CheckSymbolExists.c.o
/usr/bin/cc    -fPIC    -o CMakeFiles/cmTC_31fca.dir/CheckSymbolExists.c.o   -c /home/ubuntu/ahoy/CMakeFiles/CMakeTmp/CheckSymbolExists.c
Linking C executable cmTC_31fca
/usr/bin/cmake -E cmake_link_script CMakeFiles/cmTC_31fca.dir/link.txt --verbose=1
/usr/bin/cc  -fPIC     CMakeFiles/cmTC_31fca.dir/CheckSymbolExists.c.o  -o cmTC_31fca -rdynamic 
CMakeFiles/cmTC_31fca.dir/CheckSymbolExists.c.o: In function `main':
CheckSymbolExists.c:(.text+0x14): undefined reference to `pthread_create'
CheckSymbolExists.c:(.text+0x18): undefined reference to `pthread_create'
collect2: error: ld returned 1 exit status
CMakeFiles/cmTC_31fca.dir/build.make:97: recipe for target 'cmTC_31fca' failed
make[1]: *** [cmTC_31fca] Error 1
make[1]: Leaving directory '/home/ubuntu/ahoy/CMakeFiles/CMakeTmp'
Makefile:126: recipe for target 'cmTC_31fca/fast' failed
make: *** [cmTC_31fca/fast] Error 2

File /home/ubuntu/ahoy/CMakeFiles/CMakeTmp/CheckSymbolExists.c:
/* */
#include <pthread.h>

int main(int argc, char** argv)
{
  (void)argv;
#ifndef pthread_create
  return ((int*)(&pthread_create))[argc];
#else
  (void)argc;
  return 0;
#endif
}

Determining if the function pthread_create exists in the pthreads failed with the following output:
Change Dir: /home/ubuntu/ahoy/CMakeFiles/CMakeTmp

Run Build Command:"/usr/bin/make" "cmTC_a2b72/fast"
/usr/bin/make -f CMakeFiles/cmTC_a2b72.dir/build.make CMakeFiles/cmTC_a2b72.dir/build
make[1]: Entering directory '/home/ubuntu/ahoy/CMakeFiles/CMakeTmp'
Building C object CMakeFiles/cmTC_a2b72.dir/CheckFunctionExists.c.o
/usr/bin/cc    -fPIC -DCHECK_FUNCTION_EXISTS=pthread_create   -o CMakeFiles/cmTC_a2b72.dir/CheckFunctionExists.c.o   -c /usr/share/cmake-3.5/Modules/CheckFunctionExists.c
Linking C executable cmTC_a2b72
/usr/bin/cmake -E cmake_link_script CMakeFiles/cmTC_a2b72.dir/link.txt --verbose=1
/usr/bin/cc  -fPIC -DCHECK_FUNCTION_EXISTS=pthread_create    CMakeFiles/cmTC_a2b72.dir/CheckFunctionExists.c.o  -o cmTC_a2b72 -rdynamic -lpthreads 
/usr/bin/ld: cannot find -lpthreads
collect2: error: ld returned 1 exit status
CMakeFiles/cmTC_a2b72.dir/build.make:97: recipe for target 'cmTC_a2b72' failed
make[1]: *** [cmTC_a2b72] Error 1
make[1]: Leaving directory '/home/ubuntu/ahoy/CMakeFiles/CMakeTmp'
Makefile:126: recipe for target 'cmTC_a2b72/fast' failed
make: *** [cmTC_a2b72/fast] Error 2


